Copyright 1986-2022 Xilinx, Inc. All Rights Reserved. Copyright 2022-2023 Advanced Micro Devices, Inc. All Rights Reserved.
---------------------------------------------------------------------------------------------------------------------------------------------
| Tool Version : Vivado v.2023.2 (win64) Build 4029153 Fri Oct 13 20:14:34 MDT 2023
| Date         : Fri Nov 15 21:31:38 2024
| Host         : dellzn running 64-bit major release  (build 9200)
| Command      : report_control_sets -verbose -file top_control_sets_placed.rpt
| Design       : top
| Device       : xc7a100t
---------------------------------------------------------------------------------------------------------------------------------------------

Control Set Information

Table of Contents
-----------------
1. Summary
2. Histogram
3. Flip-Flop Distribution
4. Detailed Control Set Information

1. Summary
----------

+----------------------------------------------------------+-------+
|                          Status                          | Count |
+----------------------------------------------------------+-------+
| Total control sets                                       |    63 |
|    Minimum number of control sets                        |    63 |
|    Addition due to synthesis replication                 |     0 |
|    Addition due to physical synthesis replication        |     0 |
| Unused register locations in slices containing registers |    91 |
+----------------------------------------------------------+-------+
* Control sets can be merged at opt_design using control_set_merge or merge_equivalent_drivers
** Run report_qor_suggestions for automated merging and remapping suggestions


2. Histogram
------------

+--------------------+-------+
|       Fanout       | Count |
+--------------------+-------+
| Total control sets |    63 |
| >= 0 to < 4        |     4 |
| >= 4 to < 6        |     3 |
| >= 6 to < 8        |     0 |
| >= 8 to < 10       |     6 |
| >= 10 to < 12      |     0 |
| >= 12 to < 14      |     2 |
| >= 14 to < 16      |     1 |
| >= 16              |    47 |
+--------------------+-------+
* Control sets can be remapped at either synth_design or opt_design


3. Flip-Flop Distribution
-------------------------

+--------------+-----------------------+------------------------+-----------------+--------------+
| Clock Enable | Synchronous Set/Reset | Asynchronous Set/Reset | Total Registers | Total Slices |
+--------------+-----------------------+------------------------+-----------------+--------------+
| No           | No                    | No                     |            8595 |         3980 |
| No           | No                    | Yes                    |               0 |            0 |
| No           | Yes                   | No                     |              68 |           21 |
| Yes          | No                    | No                     |             117 |           39 |
| Yes          | No                    | Yes                    |              32 |           13 |
| Yes          | Yes                   | No                     |            1433 |          632 |
+--------------+-----------------------+------------------------+-----------------+--------------+


4. Detailed Control Set Information
-----------------------------------

+----------------------------------------------------+----------------------------------------+---------------------------------+------------------+----------------+--------------+
|                    Clock Signal                    |              Enable Signal             |         Set/Reset Signal        | Slice Load Count | Bel Load Count | Bels / Slice |
+----------------------------------------------------+----------------------------------------+---------------------------------+------------------+----------------+--------------+
|  CLK_GEN/clk_disp                                  | BTN_SCAN/p_0_in                        |                                 |                1 |              1 |         1.00 |
|  CMUn_1_19273_BUFG                                 |                                        | rst_all                         |                1 |              2 |         2.00 |
|  CLK100MHZ_IBUF_BUFG                               |                                        |                                 |                3 |              3 |         1.00 |
|  core/CMU/FSM_sequential_next_state_reg[2]_i_2_n_1 |                                        | rst_all                         |                2 |              3 |         1.50 |
|  CLK_GEN/clk_cpu                                   | DEBUG_CTRL/beat_counter                | rst_all                         |                4 |              5 |         1.25 |
|  CLK_GEN/clk_cpu                                   | DEBUG_CTRL/reg_counter                 | rst_all                         |                1 |              5 |         5.00 |
|  debug_clk                                         |                                        | rst_all                         |                3 |              5 |         1.67 |
|  n_0_30165_BUFG                                    | core/CMU/CACHE/dout[31]_i_2_n_1        | core/CMU/CACHE/dout[15]_i_1_n_1 |                6 |              8 |         1.33 |
|  CLK100MHZ_IBUF_BUFG                               | UART_BUFF/send_reg_0[0]                |                                 |                2 |              8 |         4.00 |
|  n_0_30165_BUFG                                    | core/CMU/CACHE/dout[31]_i_2_n_1        |                                 |                6 |              8 |         1.33 |
|  CLK_GEN/clk_cpu                                   | uart_tx_ctrl/update_head               | rst_all                         |                2 |              8 |         4.00 |
|  CLK_GEN/clk_cpu                                   | DEBUG_CTRL/uart_valid_debug            | rst_all                         |                4 |              8 |         2.00 |
|  debug_clk                                         |                                        |                                 |                4 |              9 |         2.25 |
|  led_clk_BUFG                                      |                                        | DISPLAY/seg_an_shift_0          |                3 |             12 |         4.00 |
|  core/CMU/mem_cs_o_reg_i_2_n_1                     |                                        |                                 |                5 |             13 |         2.60 |
|  CLK100MHZ_IBUF_BUFG                               |                                        | uart_tx_ctrl/bitTmr             |                4 |             14 |         3.50 |
|  n_0_30165_BUFG                                    | core/CMU/CACHE/dout[31]_i_2_n_1        | core/CMU/CACHE/dout[31]_i_1_n_1 |                9 |             16 |         1.78 |
|  CLK_GEN/clk_disp                                  |                                        |                                 |                6 |             19 |         3.17 |
|  debug_clk                                         | core/reg_IF_ID/IR_ID[30]_i_1_n_1       | rst_all                         |                9 |             21 |         2.33 |
|  debug_clk                                         | core/CMU/rd_WB[0]_i_2_0[0]             | core/CMU/rst_all_reg            |               17 |             25 |         1.47 |
|  CLK_GEN/clk_cpu                                   |                                        |                                 |                9 |             26 |         2.89 |
|  CLK100MHZ_IBUF_BUFG                               | uart_tx_ctrl/bitIndex                  | uart_tx_ctrl/uart_ready         |                9 |             32 |         3.56 |
| ~debug_clk                                         | core/reg_MEM_WB/RegWrite_WB_reg_1[0]   | rst_all                         |               12 |             32 |         2.67 |
|  debug_clk                                         | core/reg_IF_ID/PCurrent_ID[31]_i_1_n_1 | rst_all                         |               10 |             32 |         3.20 |
|  debug_clk                                         | core/reg_IF_ID/E[0]                    | rst_all                         |               13 |             32 |         2.46 |
| ~debug_clk                                         | core/reg_MEM_WB/RegWrite_WB_reg_26[0]  | rst_all                         |               12 |             32 |         2.67 |
| ~debug_clk                                         | core/reg_MEM_WB/RegWrite_WB_reg_10[0]  | rst_all                         |                9 |             32 |         3.56 |
| ~debug_clk                                         | core/reg_MEM_WB/RegWrite_WB_reg_16[0]  | rst_all                         |               15 |             32 |         2.13 |
| ~debug_clk                                         | core/reg_MEM_WB/RegWrite_WB_reg_18[0]  | rst_all                         |               10 |             32 |         3.20 |
| ~debug_clk                                         | core/reg_MEM_WB/RegWrite_WB_reg_14[0]  | rst_all                         |               20 |             32 |         1.60 |
| ~debug_clk                                         | core/reg_MEM_WB/RegWrite_WB_reg_17[0]  | rst_all                         |               12 |             32 |         2.67 |
| ~debug_clk                                         | core/reg_MEM_WB/RegWrite_WB_reg_29[0]  | rst_all                         |               11 |             32 |         2.91 |
| ~debug_clk                                         | core/reg_MEM_WB/RegWrite_WB_reg_11[0]  | rst_all                         |                9 |             32 |         3.56 |
| ~debug_clk                                         | core/reg_MEM_WB/RegWrite_WB_reg_22[0]  | rst_all                         |               17 |             32 |         1.88 |
| ~debug_clk                                         | core/reg_MEM_WB/RegWrite_WB_reg_15[0]  | rst_all                         |               15 |             32 |         2.13 |
| ~debug_clk                                         | core/reg_MEM_WB/RegWrite_WB_reg_2[0]   | rst_all                         |               11 |             32 |         2.91 |
| ~debug_clk                                         | core/reg_MEM_WB/RegWrite_WB_reg_23[0]  | rst_all                         |               21 |             32 |         1.52 |
| ~debug_clk                                         | core/reg_MEM_WB/RegWrite_WB_reg_28[0]  | rst_all                         |               17 |             32 |         1.88 |
| ~debug_clk                                         | core/reg_MEM_WB/RegWrite_WB_reg_13[0]  | rst_all                         |               15 |             32 |         2.13 |
| ~debug_clk                                         | core/reg_MEM_WB/RegWrite_WB_reg_30[0]  | rst_all                         |               16 |             32 |         2.00 |
| ~debug_clk                                         | core/reg_MEM_WB/RegWrite_WB_reg_4[0]   | rst_all                         |               12 |             32 |         2.67 |
| ~debug_clk                                         | core/reg_MEM_WB/RegWrite_WB_reg_12[0]  | rst_all                         |               16 |             32 |         2.00 |
| ~debug_clk                                         | core/reg_MEM_WB/RegWrite_WB_reg_5[0]   | rst_all                         |               15 |             32 |         2.13 |
| ~debug_clk                                         | core/reg_MEM_WB/RegWrite_WB_reg_24[0]  | rst_all                         |               24 |             32 |         1.33 |
| ~debug_clk                                         | core/reg_MEM_WB/RegWrite_WB_reg_25[0]  | rst_all                         |                9 |             32 |         3.56 |
| ~debug_clk                                         | core/reg_MEM_WB/RegWrite_WB_reg_6[0]   | rst_all                         |                8 |             32 |         4.00 |
| ~debug_clk                                         | core/reg_MEM_WB/RegWrite_WB_reg_7[0]   | rst_all                         |               18 |             32 |         1.78 |
| ~debug_clk                                         | core/reg_MEM_WB/RegWrite_WB_reg_0[0]   | rst_all                         |                9 |             32 |         3.56 |
| ~debug_clk                                         | core/reg_MEM_WB/RegWrite_WB_reg_3[0]   | rst_all                         |                8 |             32 |         4.00 |
| ~debug_clk                                         | core/reg_MEM_WB/RegWrite_WB_reg_27[0]  | rst_all                         |               12 |             32 |         2.67 |
| ~debug_clk                                         | core/reg_MEM_WB/RegWrite_WB_reg_19[0]  | rst_all                         |               15 |             32 |         2.13 |
| ~debug_clk                                         | core/reg_MEM_WB/RegWrite_WB_reg_20[0]  | rst_all                         |               19 |             32 |         1.68 |
| ~debug_clk                                         | core/reg_MEM_WB/RegWrite_WB_reg_21[0]  | rst_all                         |               11 |             32 |         2.91 |
| ~debug_clk                                         | core/reg_MEM_WB/RegWrite_WB_reg_8[0]   | rst_all                         |               27 |             32 |         1.19 |
|  CLK100MHZ_IBUF_BUFG                               |                                        | CLK_GEN/led_clk_0               |                8 |             32 |         4.00 |
| ~debug_clk                                         | core/reg_MEM_WB/RegWrite_WB_reg_9[0]   | rst_all                         |               14 |             32 |         2.29 |
|  led_clk_BUFG                                      |                                        |                                 |               23 |             57 |         2.48 |
|  n_0_30165_BUFG                                    | core/CMU/cache_store                   |                                 |               16 |             64 |         4.00 |
|  debug_clk                                         | core/CMU/rst_all_reg_0[0]              |                                 |               30 |            100 |         3.33 |
|  debug_clk                                         | core/CMU/E[0]                          | rst_all                         |               51 |            104 |         2.04 |
|  CMUn_1_19273_BUFG                                 |                                        |                                 |               49 |            109 |         2.22 |
|  debug_clk                                         | core/CMU/rd_WB[0]_i_2_0[0]             | rst_all                         |               71 |            177 |         2.49 |
|  n_0_30165_BUFG                                    |                                        |                                 |             3881 |           8359 |         2.15 |
+----------------------------------------------------+----------------------------------------+---------------------------------+------------------+----------------+--------------+


