
*** Running vivado
    with args -log top.vds -m64 -product Vivado -mode batch -messageDb vivado.pb -notrace -source top.tcl


ECHO 处于关闭状态。
ECHO 处于关闭状态。

****** Vivado v2023.2 (64-bit)
  **** SW Build 4029153 on Fri Oct 13 20:14:34 MDT 2023
  **** IP Build 4028589 on Sat Oct 14 00:45:43 MDT 2023
  **** SharedData Build 4025554 on Tue Oct 10 17:18:54 MDT 2023
    ** Copyright 1986-2022 Xilinx, Inc. All Rights Reserved.
    ** Copyright 2022-2023 Advanced Micro Devices, Inc. All Rights Reserved.

source top.tcl -notrace
create_project: Time (s): cpu = 00:00:02 ; elapsed = 00:00:06 . Memory (MB): peak = 472.031 ; gain = 180.680
Command: read_checkpoint -auto_incremental -incremental C:/Users/26822/Desktop/ZJU_Course_Resource/CA/Lab/lab1/lab1.srcs/utils_1/imports/synth_1/top.dcp
INFO: [Vivado 12-5825] Read reference checkpoint from C:/Users/26822/Desktop/ZJU_Course_Resource/CA/Lab/lab1/lab1.srcs/utils_1/imports/synth_1/top.dcp for incremental synthesis
INFO: [Vivado 12-7989] Please ensure there are no constraint changes
Command: synth_design -top top -part xc7a100tcsg324-1
Starting synth_design
Attempting to get a license for feature 'Synthesis' and/or device 'xc7a100t'
INFO: [Common 17-349] Got license for feature 'Synthesis' and/or device 'xc7a100t'
INFO: [Device 21-403] Loading part xc7a100tcsg324-1
INFO: [Designutils 20-5440] No compile time benefit to using incremental synthesis; A full resynthesis will be run
INFO: [Designutils 20-4379] Flow is switching to default flow due to incremental criteria not met. If you would like to alter this behaviour and have the flow terminate instead, please set the following parameter config_implementation {autoIncr.Synth.RejectBehavior Terminate}
INFO: [Synth 8-7079] Multithreading enabled for synth_design using a maximum of 2 processes.
INFO: [Synth 8-7078] Launching helper process for spawning children vivado processes
INFO: [Synth 8-7075] Helper process launched with PID 26452
---------------------------------------------------------------------------------
Starting RTL Elaboration : Time (s): cpu = 00:00:01 ; elapsed = 00:00:05 . Memory (MB): peak = 1326.879 ; gain = 440.188
---------------------------------------------------------------------------------
INFO: [Synth 8-11241] undeclared symbol 'branch_ctrl', assumed default net type 'wire' [C:/Users/26822/Desktop/ZJU_Course_Resource/CA/Lab/lab1/lab1.srcs/sources_1/imports/lab1/core/RV32core.v:73]
INFO: [Synth 8-11241] undeclared symbol 'clkout0', assumed default net type 'wire' [C:/Users/26822/Desktop/ZJU_Course_Resource/CA/Lab/lab1/lab1.srcs/sources_1/imports/lab1/auxillary/my_clk_gen.v:138]
INFO: [Synth 8-11241] undeclared symbol 'clkout1', assumed default net type 'wire' [C:/Users/26822/Desktop/ZJU_Course_Resource/CA/Lab/lab1/lab1.srcs/sources_1/imports/lab1/auxillary/my_clk_gen.v:140]
INFO: [Synth 8-11241] undeclared symbol 'clkout2', assumed default net type 'wire' [C:/Users/26822/Desktop/ZJU_Course_Resource/CA/Lab/lab1/lab1.srcs/sources_1/imports/lab1/auxillary/my_clk_gen.v:142]
INFO: [Synth 8-11241] undeclared symbol 'clkout3', assumed default net type 'wire' [C:/Users/26822/Desktop/ZJU_Course_Resource/CA/Lab/lab1/lab1.srcs/sources_1/imports/lab1/auxillary/my_clk_gen.v:144]
INFO: [Synth 8-11241] undeclared symbol 'mem_addr', assumed default net type 'wire' [C:/Users/26822/Desktop/ZJU_Course_Resource/CA/Lab/lab1/lab1.srcs/sources_1/imports/lab1/auxillary/top.v:121]
INFO: [Synth 8-11241] undeclared symbol 'mem_data', assumed default net type 'wire' [C:/Users/26822/Desktop/ZJU_Course_Resource/CA/Lab/lab1/lab1.srcs/sources_1/imports/lab1/auxillary/top.v:122]
INFO: [Synth 8-6157] synthesizing module 'top' [C:/Users/26822/Desktop/ZJU_Course_Resource/CA/Lab/lab1/lab1.srcs/sources_1/imports/lab1/auxillary/top.v:8]
INFO: [Synth 8-6157] synthesizing module 'my_clk_gen' [C:/Users/26822/Desktop/ZJU_Course_Resource/CA/Lab/lab1/lab1.srcs/sources_1/imports/lab1/auxillary/my_clk_gen.v:72]
INFO: [Synth 8-6157] synthesizing module 'MMCME2_ADV' [D:/ViVado/Vivado/2023.2/scripts/rt/data/unisim_comp.v:82174]
	Parameter BANDWIDTH bound to: OPTIMIZED - type: string 
	Parameter CLKFBOUT_MULT_F bound to: 10.000000 - type: double 
	Parameter CLKFBOUT_PHASE bound to: 0.000000 - type: double 
	Parameter CLKFBOUT_USE_FINE_PS bound to: FALSE - type: string 
	Parameter CLKIN1_PERIOD bound to: 10.000000 - type: double 
	Parameter CLKOUT0_DIVIDE_F bound to: 10.000000 - type: double 
	Parameter CLKOUT0_DUTY_CYCLE bound to: 0.500000 - type: double 
	Parameter CLKOUT0_PHASE bound to: 0.000000 - type: double 
	Parameter CLKOUT0_USE_FINE_PS bound to: FALSE - type: string 
	Parameter CLKOUT1_DIVIDE bound to: 20 - type: integer 
	Parameter CLKOUT1_DUTY_CYCLE bound to: 0.500000 - type: double 
	Parameter CLKOUT1_PHASE bound to: 0.000000 - type: double 
	Parameter CLKOUT1_USE_FINE_PS bound to: FALSE - type: string 
	Parameter CLKOUT2_DIVIDE bound to: 40 - type: integer 
	Parameter CLKOUT2_DUTY_CYCLE bound to: 0.500000 - type: double 
	Parameter CLKOUT2_PHASE bound to: 0.000000 - type: double 
	Parameter CLKOUT2_USE_FINE_PS bound to: FALSE - type: string 
	Parameter CLKOUT3_DIVIDE bound to: 100 - type: integer 
	Parameter CLKOUT3_DUTY_CYCLE bound to: 0.500000 - type: double 
	Parameter CLKOUT3_PHASE bound to: 0.000000 - type: double 
	Parameter CLKOUT3_USE_FINE_PS bound to: FALSE - type: string 
	Parameter CLKOUT4_CASCADE bound to: FALSE - type: string 
	Parameter COMPENSATION bound to: ZHOLD - type: string 
	Parameter DIVCLK_DIVIDE bound to: 1 - type: integer 
	Parameter REF_JITTER1 bound to: 0.010000 - type: double 
	Parameter STARTUP_WAIT bound to: FALSE - type: string 
INFO: [Synth 8-6155] done synthesizing module 'MMCME2_ADV' (0#1) [D:/ViVado/Vivado/2023.2/scripts/rt/data/unisim_comp.v:82174]
INFO: [Synth 8-6157] synthesizing module 'BUFG' [D:/ViVado/Vivado/2023.2/scripts/rt/data/unisim_comp.v:1951]
INFO: [Synth 8-6155] done synthesizing module 'BUFG' (0#1) [D:/ViVado/Vivado/2023.2/scripts/rt/data/unisim_comp.v:1951]
INFO: [Synth 8-6155] done synthesizing module 'my_clk_gen' (0#1) [C:/Users/26822/Desktop/ZJU_Course_Resource/CA/Lab/lab1/lab1.srcs/sources_1/imports/lab1/auxillary/my_clk_gen.v:72]
INFO: [Synth 8-6157] synthesizing module 'btn_scan' [C:/Users/26822/Desktop/ZJU_Course_Resource/CA/Lab/lab1/lab1.srcs/sources_1/imports/lab1/auxillary/btn_scan.v:8]
	Parameter CLK_FREQ bound to: 25 - type: integer 
INFO: [Synth 8-6155] done synthesizing module 'btn_scan' (0#1) [C:/Users/26822/Desktop/ZJU_Course_Resource/CA/Lab/lab1/lab1.srcs/sources_1/imports/lab1/auxillary/btn_scan.v:8]
INFO: [Synth 8-6157] synthesizing module 'RV32core' [C:/Users/26822/Desktop/ZJU_Course_Resource/CA/Lab/lab1/lab1.srcs/sources_1/imports/lab1/core/RV32core.v:4]
INFO: [Synth 8-6157] synthesizing module 'debug_clk' [C:/Users/26822/Desktop/ZJU_Course_Resource/CA/Lab/lab1/lab1.srcs/sources_1/imports/lab1/auxillary/debug_clk.v:3]
INFO: [Synth 8-6155] done synthesizing module 'debug_clk' (0#1) [C:/Users/26822/Desktop/ZJU_Course_Resource/CA/Lab/lab1/lab1.srcs/sources_1/imports/lab1/auxillary/debug_clk.v:3]
INFO: [Synth 8-6157] synthesizing module 'REG32' [C:/Users/26822/Desktop/ZJU_Course_Resource/CA/Lab/lab1/lab1.srcs/sources_1/imports/lab1/common/REG32.v:23]
INFO: [Synth 8-6155] done synthesizing module 'REG32' (0#1) [C:/Users/26822/Desktop/ZJU_Course_Resource/CA/Lab/lab1/lab1.srcs/sources_1/imports/lab1/common/REG32.v:23]
INFO: [Synth 8-6157] synthesizing module 'add_32' [C:/Users/26822/Desktop/ZJU_Course_Resource/CA/Lab/lab1/lab1.srcs/sources_1/imports/lab1/common/add_32.v:23]
INFO: [Synth 8-6155] done synthesizing module 'add_32' (0#1) [C:/Users/26822/Desktop/ZJU_Course_Resource/CA/Lab/lab1/lab1.srcs/sources_1/imports/lab1/common/add_32.v:23]
INFO: [Synth 8-6157] synthesizing module 'MUX2T1_32' [C:/Users/26822/Desktop/ZJU_Course_Resource/CA/Lab/lab1/lab1.srcs/sources_1/imports/lab1/common/MUX2T1_32.v:23]
INFO: [Synth 8-6155] done synthesizing module 'MUX2T1_32' (0#1) [C:/Users/26822/Desktop/ZJU_Course_Resource/CA/Lab/lab1/lab1.srcs/sources_1/imports/lab1/common/MUX2T1_32.v:23]
INFO: [Synth 8-6157] synthesizing module 'ROM_D' [C:/Users/26822/Desktop/ZJU_Course_Resource/CA/Lab/lab1/lab1.srcs/sources_1/imports/lab1/core/ROM_D.v:3]
INFO: [Synth 8-3876] $readmem data file 'C:/Users/26822/Desktop/ZJU_Course_Resource/CA/Lab/lab1/lab1.srcs/sources_1/imports/core/rom.mem' is read successfully [C:/Users/26822/Desktop/ZJU_Course_Resource/CA/Lab/lab1/lab1.srcs/sources_1/imports/lab1/core/ROM_D.v:12]
INFO: [Synth 8-6155] done synthesizing module 'ROM_D' (0#1) [C:/Users/26822/Desktop/ZJU_Course_Resource/CA/Lab/lab1/lab1.srcs/sources_1/imports/lab1/core/ROM_D.v:3]
INFO: [Synth 8-6157] synthesizing module 'REG_IF_ID' [C:/Users/26822/Desktop/ZJU_Course_Resource/CA/Lab/lab1/lab1.srcs/sources_1/imports/lab1/core/REG_IF_ID.v:22]
INFO: [Synth 8-6155] done synthesizing module 'REG_IF_ID' (0#1) [C:/Users/26822/Desktop/ZJU_Course_Resource/CA/Lab/lab1/lab1.srcs/sources_1/imports/lab1/core/REG_IF_ID.v:22]
INFO: [Synth 8-6157] synthesizing module 'CtrlUnit' [C:/Users/26822/Desktop/ZJU_Course_Resource/CA/Lab/lab1/lab1.srcs/sources_1/imports/lab1/core/CtrlUnit.v:4]
INFO: [Synth 8-6155] done synthesizing module 'CtrlUnit' (0#1) [C:/Users/26822/Desktop/ZJU_Course_Resource/CA/Lab/lab1/lab1.srcs/sources_1/imports/lab1/core/CtrlUnit.v:4]
INFO: [Synth 8-6157] synthesizing module 'Regs' [C:/Users/26822/Desktop/ZJU_Course_Resource/CA/Lab/lab1/lab1.srcs/sources_1/imports/lab1/core/Regs.v:22]
INFO: [Synth 8-6155] done synthesizing module 'Regs' (0#1) [C:/Users/26822/Desktop/ZJU_Course_Resource/CA/Lab/lab1/lab1.srcs/sources_1/imports/lab1/core/Regs.v:22]
INFO: [Synth 8-6157] synthesizing module 'ImmGen' [C:/Users/26822/Desktop/ZJU_Course_Resource/CA/Lab/lab1/lab1.srcs/sources_1/imports/lab1/core/ImmGen.v:4]
INFO: [Synth 8-6155] done synthesizing module 'ImmGen' (0#1) [C:/Users/26822/Desktop/ZJU_Course_Resource/CA/Lab/lab1/lab1.srcs/sources_1/imports/lab1/core/ImmGen.v:4]
INFO: [Synth 8-6157] synthesizing module 'MUX4T1_32' [C:/Users/26822/Desktop/ZJU_Course_Resource/CA/Lab/lab1/lab1.srcs/sources_1/imports/lab1/common/MUX4T1_32.v:23]
INFO: [Synth 8-6155] done synthesizing module 'MUX4T1_32' (0#1) [C:/Users/26822/Desktop/ZJU_Course_Resource/CA/Lab/lab1/lab1.srcs/sources_1/imports/lab1/common/MUX4T1_32.v:23]
INFO: [Synth 8-6157] synthesizing module 'cmp_32' [C:/Users/26822/Desktop/ZJU_Course_Resource/CA/Lab/lab1/lab1.srcs/sources_1/imports/lab1/common/cmp_32.v:4]
INFO: [Synth 8-6155] done synthesizing module 'cmp_32' (0#1) [C:/Users/26822/Desktop/ZJU_Course_Resource/CA/Lab/lab1/lab1.srcs/sources_1/imports/lab1/common/cmp_32.v:4]
INFO: [Synth 8-6157] synthesizing module 'HazardDetectionUnit' [C:/Users/26822/Desktop/ZJU_Course_Resource/CA/Lab/lab1/lab1.srcs/sources_1/imports/lab1/core/HazardDetectionUnit.v:3]
INFO: [Synth 8-6155] done synthesizing module 'HazardDetectionUnit' (0#1) [C:/Users/26822/Desktop/ZJU_Course_Resource/CA/Lab/lab1/lab1.srcs/sources_1/imports/lab1/core/HazardDetectionUnit.v:3]
INFO: [Synth 8-6157] synthesizing module 'REG_ID_EX' [C:/Users/26822/Desktop/ZJU_Course_Resource/CA/Lab/lab1/lab1.srcs/sources_1/imports/lab1/core/REG_ID_EX.v:22]
INFO: [Synth 8-6155] done synthesizing module 'REG_ID_EX' (0#1) [C:/Users/26822/Desktop/ZJU_Course_Resource/CA/Lab/lab1/lab1.srcs/sources_1/imports/lab1/core/REG_ID_EX.v:22]
INFO: [Synth 8-6157] synthesizing module 'ALU' [C:/Users/26822/Desktop/ZJU_Course_Resource/CA/Lab/lab1/lab1.srcs/sources_1/imports/lab1/core/ALU.v:3]
INFO: [Synth 8-6155] done synthesizing module 'ALU' (0#1) [C:/Users/26822/Desktop/ZJU_Course_Resource/CA/Lab/lab1/lab1.srcs/sources_1/imports/lab1/core/ALU.v:3]
INFO: [Synth 8-6157] synthesizing module 'REG_EX_MEM' [C:/Users/26822/Desktop/ZJU_Course_Resource/CA/Lab/lab1/lab1.srcs/sources_1/imports/lab1/core/REG_EX_MEM.v:22]
INFO: [Synth 8-6155] done synthesizing module 'REG_EX_MEM' (0#1) [C:/Users/26822/Desktop/ZJU_Course_Resource/CA/Lab/lab1/lab1.srcs/sources_1/imports/lab1/core/REG_EX_MEM.v:22]
INFO: [Synth 8-6157] synthesizing module 'RAM_B' [C:/Users/26822/Desktop/ZJU_Course_Resource/CA/Lab/lab1/lab1.srcs/sources_1/imports/lab1/core/RAM_B.v:3]
INFO: [Synth 8-3876] $readmem data file 'C:/Users/26822/Desktop/ZJU_Course_Resource/CA/Lab/lab1/lab1.srcs/sources_1/imports/core/ram.mem' is read successfully [C:/Users/26822/Desktop/ZJU_Course_Resource/CA/Lab/lab1/lab1.srcs/sources_1/imports/lab1/core/RAM_B.v:17]
INFO: [Synth 8-6155] done synthesizing module 'RAM_B' (0#1) [C:/Users/26822/Desktop/ZJU_Course_Resource/CA/Lab/lab1/lab1.srcs/sources_1/imports/lab1/core/RAM_B.v:3]
INFO: [Synth 8-6157] synthesizing module 'REG_MEM_WB' [C:/Users/26822/Desktop/ZJU_Course_Resource/CA/Lab/lab1/lab1.srcs/sources_1/imports/lab1/core/REG_MEM_WB.v:21]
INFO: [Synth 8-6155] done synthesizing module 'REG_MEM_WB' (0#1) [C:/Users/26822/Desktop/ZJU_Course_Resource/CA/Lab/lab1/lab1.srcs/sources_1/imports/lab1/core/REG_MEM_WB.v:21]
INFO: [Synth 8-6155] done synthesizing module 'RV32core' (0#1) [C:/Users/26822/Desktop/ZJU_Course_Resource/CA/Lab/lab1/lab1.srcs/sources_1/imports/lab1/core/RV32core.v:4]
WARNING: [Synth 8-689] width (1) of port connection 'mem_addr' does not match port width (32) of module 'RV32core' [C:/Users/26822/Desktop/ZJU_Course_Resource/CA/Lab/lab1/lab1.srcs/sources_1/imports/lab1/auxillary/top.v:121]
WARNING: [Synth 8-689] width (1) of port connection 'mem_data' does not match port width (32) of module 'RV32core' [C:/Users/26822/Desktop/ZJU_Course_Resource/CA/Lab/lab1/lab1.srcs/sources_1/imports/lab1/auxillary/top.v:122]
INFO: [Synth 8-638] synthesizing module 'UART_TX_CTRL' [C:/Users/26822/Desktop/ZJU_Course_Resource/CA/Lab/lab1/lab1.srcs/sources_1/imports/lab1/auxillary/UART_TX_CTRL.vhd:50]
INFO: [Synth 8-256] done synthesizing module 'UART_TX_CTRL' (0#1) [C:/Users/26822/Desktop/ZJU_Course_Resource/CA/Lab/lab1/lab1.srcs/sources_1/imports/lab1/auxillary/UART_TX_CTRL.vhd:50]
INFO: [Synth 8-6157] synthesizing module 'uart_buffer' [C:/Users/26822/Desktop/ZJU_Course_Resource/CA/Lab/lab1/lab1.srcs/sources_1/imports/lab1/auxillary/uart_buffer.v:3]
INFO: [Synth 8-6155] done synthesizing module 'uart_buffer' (0#1) [C:/Users/26822/Desktop/ZJU_Course_Resource/CA/Lab/lab1/lab1.srcs/sources_1/imports/lab1/auxillary/uart_buffer.v:3]
INFO: [Synth 8-6157] synthesizing module 'debug_ctrl' [C:/Users/26822/Desktop/ZJU_Course_Resource/CA/Lab/lab1/lab1.srcs/sources_1/imports/lab1/auxillary/debug_ctrl.v:6]
INFO: [Synth 8-6155] done synthesizing module 'debug_ctrl' (0#1) [C:/Users/26822/Desktop/ZJU_Course_Resource/CA/Lab/lab1/lab1.srcs/sources_1/imports/lab1/auxillary/debug_ctrl.v:6]
INFO: [Synth 8-6155] done synthesizing module 'top' (0#1) [C:/Users/26822/Desktop/ZJU_Course_Resource/CA/Lab/lab1/lab1.srcs/sources_1/imports/lab1/auxillary/top.v:8]
WARNING: [Synth 8-3848] Net reg_EM_flush in module/entity HazardDetectionUnit does not have driver. [C:/Users/26822/Desktop/ZJU_Course_Resource/CA/Lab/lab1/lab1.srcs/sources_1/imports/lab1/core/HazardDetectionUnit.v:20]
WARNING: [Synth 8-7137] Register A_EX_reg in module REG_ID_EX has both Set and reset with same priority. This may cause simulation mismatches. Consider rewriting code  [C:/Users/26822/Desktop/ZJU_Course_Resource/CA/Lab/lab1/lab1.srcs/sources_1/imports/lab1/core/REG_ID_EX.v:84]
WARNING: [Synth 8-7137] Register B_EX_reg in module REG_ID_EX has both Set and reset with same priority. This may cause simulation mismatches. Consider rewriting code  [C:/Users/26822/Desktop/ZJU_Course_Resource/CA/Lab/lab1/lab1.srcs/sources_1/imports/lab1/core/REG_ID_EX.v:85]
WARNING: [Synth 8-7137] Register Imm32_EX_reg in module REG_ID_EX has both Set and reset with same priority. This may cause simulation mismatches. Consider rewriting code  [C:/Users/26822/Desktop/ZJU_Course_Resource/CA/Lab/lab1/lab1.srcs/sources_1/imports/lab1/core/REG_ID_EX.v:86]
WARNING: [Synth 8-7137] Register ALUSrc_A_EX_reg in module REG_ID_EX has both Set and reset with same priority. This may cause simulation mismatches. Consider rewriting code  [C:/Users/26822/Desktop/ZJU_Course_Resource/CA/Lab/lab1/lab1.srcs/sources_1/imports/lab1/core/REG_ID_EX.v:90]
WARNING: [Synth 8-7137] Register ALUSrc_B_EX_reg in module REG_ID_EX has both Set and reset with same priority. This may cause simulation mismatches. Consider rewriting code  [C:/Users/26822/Desktop/ZJU_Course_Resource/CA/Lab/lab1/lab1.srcs/sources_1/imports/lab1/core/REG_ID_EX.v:91]
WARNING: [Synth 8-7137] Register ALUC_EX_reg in module REG_ID_EX has both Set and reset with same priority. This may cause simulation mismatches. Consider rewriting code  [C:/Users/26822/Desktop/ZJU_Course_Resource/CA/Lab/lab1/lab1.srcs/sources_1/imports/lab1/core/REG_ID_EX.v:92]
WARNING: [Synth 8-7137] Register DatatoReg_EX_reg in module REG_ID_EX has both Set and reset with same priority. This may cause simulation mismatches. Consider rewriting code  [C:/Users/26822/Desktop/ZJU_Course_Resource/CA/Lab/lab1/lab1.srcs/sources_1/imports/lab1/core/REG_ID_EX.v:93]
WARNING: [Synth 8-7137] Register u_b_h_w_EX_reg in module REG_ID_EX has both Set and reset with same priority. This may cause simulation mismatches. Consider rewriting code  [C:/Users/26822/Desktop/ZJU_Course_Resource/CA/Lab/lab1/lab1.srcs/sources_1/imports/lab1/core/REG_ID_EX.v:96]
WARNING: [Synth 8-7137] Register ALUO_MEM_reg in module REG_EX_MEM has both Set and reset with same priority. This may cause simulation mismatches. Consider rewriting code  [C:/Users/26822/Desktop/ZJU_Course_Resource/CA/Lab/lab1/lab1.srcs/sources_1/imports/lab1/core/REG_EX_MEM.v:61]
WARNING: [Synth 8-7137] Register Datao_MEM_reg in module REG_EX_MEM has both Set and reset with same priority. This may cause simulation mismatches. Consider rewriting code  [C:/Users/26822/Desktop/ZJU_Course_Resource/CA/Lab/lab1/lab1.srcs/sources_1/imports/lab1/core/REG_EX_MEM.v:62]
WARNING: [Synth 8-7137] Register DatatoReg_MEM_reg in module REG_EX_MEM has both Set and reset with same priority. This may cause simulation mismatches. Consider rewriting code  [C:/Users/26822/Desktop/ZJU_Course_Resource/CA/Lab/lab1/lab1.srcs/sources_1/imports/lab1/core/REG_EX_MEM.v:63]
WARNING: [Synth 8-7137] Register u_b_h_w_MEM_reg in module REG_EX_MEM has both Set and reset with same priority. This may cause simulation mismatches. Consider rewriting code  [C:/Users/26822/Desktop/ZJU_Course_Resource/CA/Lab/lab1/lab1.srcs/sources_1/imports/lab1/core/REG_EX_MEM.v:67]
WARNING: [Synth 8-4767] Trying to implement RAM ' ' in registers. Block RAM or DRAM implementation is not possible; see log for reasons.
	1: RAM has multiple writes via different ports in same process. If RAM inferencing intended, write to one port per process. 
	2: Unable to determine number of words or word size in RAM. 
	3: No valid read/write found for RAM. 
RAM dissolved into registers
WARNING: [Synth 8-4767] Trying to implement RAM 'data_reg' in registers. Block RAM or DRAM implementation is not possible; see log for reasons.
Reason is one or more of the following :
	1: RAM has multiple writes via different ports in same process. If RAM inferencing intended, write to one port per process. 
	2: Unable to determine number of words or word size in RAM. 
	3: No valid read/write found for RAM. 
RAM "data_reg" dissolved into registers
WARNING: [Synth 8-7137] Register ALUO_WB_reg in module REG_MEM_WB has both Set and reset with same priority. This may cause simulation mismatches. Consider rewriting code  [C:/Users/26822/Desktop/ZJU_Course_Resource/CA/Lab/lab1/lab1.srcs/sources_1/imports/lab1/core/REG_MEM_WB.v:50]
WARNING: [Synth 8-7137] Register MDR_WB_reg in module REG_MEM_WB has both Set and reset with same priority. This may cause simulation mismatches. Consider rewriting code  [C:/Users/26822/Desktop/ZJU_Course_Resource/CA/Lab/lab1/lab1.srcs/sources_1/imports/lab1/core/REG_MEM_WB.v:51]
WARNING: [Synth 8-7137] Register DatatoReg_WB_reg in module REG_MEM_WB has both Set and reset with same priority. This may cause simulation mismatches. Consider rewriting code  [C:/Users/26822/Desktop/ZJU_Course_Resource/CA/Lab/lab1/lab1.srcs/sources_1/imports/lab1/core/REG_MEM_WB.v:54]
WARNING: [Synth 8-3848] Net Test_signal in module/entity RV32core does not have driver. [C:/Users/26822/Desktop/ZJU_Course_Resource/CA/Lab/lab1/lab1.srcs/sources_1/imports/lab1/core/RV32core.v:212]
WARNING: [Synth 8-3848] Net branch_ctrl in module/entity RV32core does not have driver. [C:/Users/26822/Desktop/ZJU_Course_Resource/CA/Lab/lab1/lab1.srcs/sources_1/imports/lab1/core/RV32core.v:73]
WARNING: [Synth 8-3848] Net cust_sig_list[4] in module/entity debug_ctrl does not have driver. [C:/Users/26822/Desktop/ZJU_Course_Resource/CA/Lab/lab1/lab1.srcs/sources_1/imports/lab1/auxillary/debug_ctrl.v:47]
WARNING: [Synth 8-3848] Net cust_sig_list[5] in module/entity debug_ctrl does not have driver. [C:/Users/26822/Desktop/ZJU_Course_Resource/CA/Lab/lab1/lab1.srcs/sources_1/imports/lab1/auxillary/debug_ctrl.v:47]
WARNING: [Synth 8-3848] Net cust_sig_list[6] in module/entity debug_ctrl does not have driver. [C:/Users/26822/Desktop/ZJU_Course_Resource/CA/Lab/lab1/lab1.srcs/sources_1/imports/lab1/auxillary/debug_ctrl.v:47]
WARNING: [Synth 8-3848] Net cust_sig_list[7] in module/entity debug_ctrl does not have driver. [C:/Users/26822/Desktop/ZJU_Course_Resource/CA/Lab/lab1/lab1.srcs/sources_1/imports/lab1/auxillary/debug_ctrl.v:47]
WARNING: [Synth 8-3848] Net cust_sig_list[8] in module/entity debug_ctrl does not have driver. [C:/Users/26822/Desktop/ZJU_Course_Resource/CA/Lab/lab1/lab1.srcs/sources_1/imports/lab1/auxillary/debug_ctrl.v:47]
WARNING: [Synth 8-3848] Net cust_sig_list[9] in module/entity debug_ctrl does not have driver. [C:/Users/26822/Desktop/ZJU_Course_Resource/CA/Lab/lab1/lab1.srcs/sources_1/imports/lab1/auxillary/debug_ctrl.v:47]
WARNING: [Synth 8-3848] Net cust_sig_list[10] in module/entity debug_ctrl does not have driver. [C:/Users/26822/Desktop/ZJU_Course_Resource/CA/Lab/lab1/lab1.srcs/sources_1/imports/lab1/auxillary/debug_ctrl.v:47]
WARNING: [Synth 8-3848] Net cust_sig_list[11] in module/entity debug_ctrl does not have driver. [C:/Users/26822/Desktop/ZJU_Course_Resource/CA/Lab/lab1/lab1.srcs/sources_1/imports/lab1/auxillary/debug_ctrl.v:47]
WARNING: [Synth 8-3848] Net cust_sig_list[12] in module/entity debug_ctrl does not have driver. [C:/Users/26822/Desktop/ZJU_Course_Resource/CA/Lab/lab1/lab1.srcs/sources_1/imports/lab1/auxillary/debug_ctrl.v:47]
WARNING: [Synth 8-3848] Net cust_sig_list[13] in module/entity debug_ctrl does not have driver. [C:/Users/26822/Desktop/ZJU_Course_Resource/CA/Lab/lab1/lab1.srcs/sources_1/imports/lab1/auxillary/debug_ctrl.v:47]
WARNING: [Synth 8-3848] Net cust_sig_list[14] in module/entity debug_ctrl does not have driver. [C:/Users/26822/Desktop/ZJU_Course_Resource/CA/Lab/lab1/lab1.srcs/sources_1/imports/lab1/auxillary/debug_ctrl.v:47]
WARNING: [Synth 8-3848] Net cust_sig_list[15] in module/entity debug_ctrl does not have driver. [C:/Users/26822/Desktop/ZJU_Course_Resource/CA/Lab/lab1/lab1.srcs/sources_1/imports/lab1/auxillary/debug_ctrl.v:47]
WARNING: [Synth 8-3848] Net cust_sig_list[16] in module/entity debug_ctrl does not have driver. [C:/Users/26822/Desktop/ZJU_Course_Resource/CA/Lab/lab1/lab1.srcs/sources_1/imports/lab1/auxillary/debug_ctrl.v:47]
WARNING: [Synth 8-3848] Net cust_sig_list[17] in module/entity debug_ctrl does not have driver. [C:/Users/26822/Desktop/ZJU_Course_Resource/CA/Lab/lab1/lab1.srcs/sources_1/imports/lab1/auxillary/debug_ctrl.v:47]
WARNING: [Synth 8-3848] Net cust_sig_list[18] in module/entity debug_ctrl does not have driver. [C:/Users/26822/Desktop/ZJU_Course_Resource/CA/Lab/lab1/lab1.srcs/sources_1/imports/lab1/auxillary/debug_ctrl.v:47]
WARNING: [Synth 8-3848] Net cust_sig_list[19] in module/entity debug_ctrl does not have driver. [C:/Users/26822/Desktop/ZJU_Course_Resource/CA/Lab/lab1/lab1.srcs/sources_1/imports/lab1/auxillary/debug_ctrl.v:47]
WARNING: [Synth 8-3848] Net cust_sig_list[20] in module/entity debug_ctrl does not have driver. [C:/Users/26822/Desktop/ZJU_Course_Resource/CA/Lab/lab1/lab1.srcs/sources_1/imports/lab1/auxillary/debug_ctrl.v:47]
WARNING: [Synth 8-3848] Net cust_sig_list[21] in module/entity debug_ctrl does not have driver. [C:/Users/26822/Desktop/ZJU_Course_Resource/CA/Lab/lab1/lab1.srcs/sources_1/imports/lab1/auxillary/debug_ctrl.v:47]
WARNING: [Synth 8-3848] Net cust_sig_list[22] in module/entity debug_ctrl does not have driver. [C:/Users/26822/Desktop/ZJU_Course_Resource/CA/Lab/lab1/lab1.srcs/sources_1/imports/lab1/auxillary/debug_ctrl.v:47]
WARNING: [Synth 8-3848] Net cust_sig_list[23] in module/entity debug_ctrl does not have driver. [C:/Users/26822/Desktop/ZJU_Course_Resource/CA/Lab/lab1/lab1.srcs/sources_1/imports/lab1/auxillary/debug_ctrl.v:47]
WARNING: [Synth 8-3848] Net cust_sig_list[24] in module/entity debug_ctrl does not have driver. [C:/Users/26822/Desktop/ZJU_Course_Resource/CA/Lab/lab1/lab1.srcs/sources_1/imports/lab1/auxillary/debug_ctrl.v:47]
WARNING: [Synth 8-3848] Net cust_sig_list[25] in module/entity debug_ctrl does not have driver. [C:/Users/26822/Desktop/ZJU_Course_Resource/CA/Lab/lab1/lab1.srcs/sources_1/imports/lab1/auxillary/debug_ctrl.v:47]
WARNING: [Synth 8-3848] Net cust_sig_list[26] in module/entity debug_ctrl does not have driver. [C:/Users/26822/Desktop/ZJU_Course_Resource/CA/Lab/lab1/lab1.srcs/sources_1/imports/lab1/auxillary/debug_ctrl.v:47]
WARNING: [Synth 8-3848] Net cust_sig_list[27] in module/entity debug_ctrl does not have driver. [C:/Users/26822/Desktop/ZJU_Course_Resource/CA/Lab/lab1/lab1.srcs/sources_1/imports/lab1/auxillary/debug_ctrl.v:47]
WARNING: [Synth 8-3848] Net cust_sig_list[28] in module/entity debug_ctrl does not have driver. [C:/Users/26822/Desktop/ZJU_Course_Resource/CA/Lab/lab1/lab1.srcs/sources_1/imports/lab1/auxillary/debug_ctrl.v:47]
WARNING: [Synth 8-3848] Net cust_sig_list[29] in module/entity debug_ctrl does not have driver. [C:/Users/26822/Desktop/ZJU_Course_Resource/CA/Lab/lab1/lab1.srcs/sources_1/imports/lab1/auxillary/debug_ctrl.v:47]
WARNING: [Synth 8-3848] Net cust_sig_list[30] in module/entity debug_ctrl does not have driver. [C:/Users/26822/Desktop/ZJU_Course_Resource/CA/Lab/lab1/lab1.srcs/sources_1/imports/lab1/auxillary/debug_ctrl.v:47]
WARNING: [Synth 8-3848] Net cust_sig_list[31] in module/entity debug_ctrl does not have driver. [C:/Users/26822/Desktop/ZJU_Course_Resource/CA/Lab/lab1/lab1.srcs/sources_1/imports/lab1/auxillary/debug_ctrl.v:47]
WARNING: [Synth 8-3848] Net cust_name_list[4] in module/entity debug_ctrl does not have driver. [C:/Users/26822/Desktop/ZJU_Course_Resource/CA/Lab/lab1/lab1.srcs/sources_1/imports/lab1/auxillary/debug_ctrl.v:55]
WARNING: [Synth 8-3848] Net cust_name_list[5] in module/entity debug_ctrl does not have driver. [C:/Users/26822/Desktop/ZJU_Course_Resource/CA/Lab/lab1/lab1.srcs/sources_1/imports/lab1/auxillary/debug_ctrl.v:55]
WARNING: [Synth 8-3848] Net cust_name_list[6] in module/entity debug_ctrl does not have driver. [C:/Users/26822/Desktop/ZJU_Course_Resource/CA/Lab/lab1/lab1.srcs/sources_1/imports/lab1/auxillary/debug_ctrl.v:55]
WARNING: [Synth 8-3848] Net cust_name_list[7] in module/entity debug_ctrl does not have driver. [C:/Users/26822/Desktop/ZJU_Course_Resource/CA/Lab/lab1/lab1.srcs/sources_1/imports/lab1/auxillary/debug_ctrl.v:55]
WARNING: [Synth 8-3848] Net cust_name_list[8] in module/entity debug_ctrl does not have driver. [C:/Users/26822/Desktop/ZJU_Course_Resource/CA/Lab/lab1/lab1.srcs/sources_1/imports/lab1/auxillary/debug_ctrl.v:55]
WARNING: [Synth 8-3848] Net cust_name_list[9] in module/entity debug_ctrl does not have driver. [C:/Users/26822/Desktop/ZJU_Course_Resource/CA/Lab/lab1/lab1.srcs/sources_1/imports/lab1/auxillary/debug_ctrl.v:55]
WARNING: [Synth 8-3848] Net cust_name_list[10] in module/entity debug_ctrl does not have driver. [C:/Users/26822/Desktop/ZJU_Course_Resource/CA/Lab/lab1/lab1.srcs/sources_1/imports/lab1/auxillary/debug_ctrl.v:55]
WARNING: [Synth 8-3848] Net cust_name_list[11] in module/entity debug_ctrl does not have driver. [C:/Users/26822/Desktop/ZJU_Course_Resource/CA/Lab/lab1/lab1.srcs/sources_1/imports/lab1/auxillary/debug_ctrl.v:55]
WARNING: [Synth 8-3848] Net cust_name_list[12] in module/entity debug_ctrl does not have driver. [C:/Users/26822/Desktop/ZJU_Course_Resource/CA/Lab/lab1/lab1.srcs/sources_1/imports/lab1/auxillary/debug_ctrl.v:55]
WARNING: [Synth 8-3848] Net cust_name_list[13] in module/entity debug_ctrl does not have driver. [C:/Users/26822/Desktop/ZJU_Course_Resource/CA/Lab/lab1/lab1.srcs/sources_1/imports/lab1/auxillary/debug_ctrl.v:55]
WARNING: [Synth 8-3848] Net cust_name_list[14] in module/entity debug_ctrl does not have driver. [C:/Users/26822/Desktop/ZJU_Course_Resource/CA/Lab/lab1/lab1.srcs/sources_1/imports/lab1/auxillary/debug_ctrl.v:55]
WARNING: [Synth 8-3848] Net cust_name_list[15] in module/entity debug_ctrl does not have driver. [C:/Users/26822/Desktop/ZJU_Course_Resource/CA/Lab/lab1/lab1.srcs/sources_1/imports/lab1/auxillary/debug_ctrl.v:55]
WARNING: [Synth 8-3848] Net cust_name_list[16] in module/entity debug_ctrl does not have driver. [C:/Users/26822/Desktop/ZJU_Course_Resource/CA/Lab/lab1/lab1.srcs/sources_1/imports/lab1/auxillary/debug_ctrl.v:55]
WARNING: [Synth 8-3848] Net cust_name_list[17] in module/entity debug_ctrl does not have driver. [C:/Users/26822/Desktop/ZJU_Course_Resource/CA/Lab/lab1/lab1.srcs/sources_1/imports/lab1/auxillary/debug_ctrl.v:55]
WARNING: [Synth 8-3848] Net cust_name_list[18] in module/entity debug_ctrl does not have driver. [C:/Users/26822/Desktop/ZJU_Course_Resource/CA/Lab/lab1/lab1.srcs/sources_1/imports/lab1/auxillary/debug_ctrl.v:55]
WARNING: [Synth 8-3848] Net cust_name_list[19] in module/entity debug_ctrl does not have driver. [C:/Users/26822/Desktop/ZJU_Course_Resource/CA/Lab/lab1/lab1.srcs/sources_1/imports/lab1/auxillary/debug_ctrl.v:55]
WARNING: [Synth 8-3848] Net cust_name_list[20] in module/entity debug_ctrl does not have driver. [C:/Users/26822/Desktop/ZJU_Course_Resource/CA/Lab/lab1/lab1.srcs/sources_1/imports/lab1/auxillary/debug_ctrl.v:55]
WARNING: [Synth 8-3848] Net cust_name_list[21] in module/entity debug_ctrl does not have driver. [C:/Users/26822/Desktop/ZJU_Course_Resource/CA/Lab/lab1/lab1.srcs/sources_1/imports/lab1/auxillary/debug_ctrl.v:55]
WARNING: [Synth 8-3848] Net cust_name_list[22] in module/entity debug_ctrl does not have driver. [C:/Users/26822/Desktop/ZJU_Course_Resource/CA/Lab/lab1/lab1.srcs/sources_1/imports/lab1/auxillary/debug_ctrl.v:55]
WARNING: [Synth 8-3848] Net cust_name_list[23] in module/entity debug_ctrl does not have driver. [C:/Users/26822/Desktop/ZJU_Course_Resource/CA/Lab/lab1/lab1.srcs/sources_1/imports/lab1/auxillary/debug_ctrl.v:55]
WARNING: [Synth 8-3848] Net cust_name_list[24] in module/entity debug_ctrl does not have driver. [C:/Users/26822/Desktop/ZJU_Course_Resource/CA/Lab/lab1/lab1.srcs/sources_1/imports/lab1/auxillary/debug_ctrl.v:55]
WARNING: [Synth 8-3848] Net cust_name_list[25] in module/entity debug_ctrl does not have driver. [C:/Users/26822/Desktop/ZJU_Course_Resource/CA/Lab/lab1/lab1.srcs/sources_1/imports/lab1/auxillary/debug_ctrl.v:55]
WARNING: [Synth 8-3848] Net cust_name_list[26] in module/entity debug_ctrl does not have driver. [C:/Users/26822/Desktop/ZJU_Course_Resource/CA/Lab/lab1/lab1.srcs/sources_1/imports/lab1/auxillary/debug_ctrl.v:55]
WARNING: [Synth 8-3848] Net cust_name_list[27] in module/entity debug_ctrl does not have driver. [C:/Users/26822/Desktop/ZJU_Course_Resource/CA/Lab/lab1/lab1.srcs/sources_1/imports/lab1/auxillary/debug_ctrl.v:55]
WARNING: [Synth 8-3848] Net cust_name_list[28] in module/entity debug_ctrl does not have driver. [C:/Users/26822/Desktop/ZJU_Course_Resource/CA/Lab/lab1/lab1.srcs/sources_1/imports/lab1/auxillary/debug_ctrl.v:55]
WARNING: [Synth 8-3848] Net cust_name_list[29] in module/entity debug_ctrl does not have driver. [C:/Users/26822/Desktop/ZJU_Course_Resource/CA/Lab/lab1/lab1.srcs/sources_1/imports/lab1/auxillary/debug_ctrl.v:55]
WARNING: [Synth 8-3848] Net cust_name_list[30] in module/entity debug_ctrl does not have driver. [C:/Users/26822/Desktop/ZJU_Course_Resource/CA/Lab/lab1/lab1.srcs/sources_1/imports/lab1/auxillary/debug_ctrl.v:55]
WARNING: [Synth 8-3848] Net cust_name_list[31] in module/entity debug_ctrl does not have driver. [C:/Users/26822/Desktop/ZJU_Course_Resource/CA/Lab/lab1/lab1.srcs/sources_1/imports/lab1/auxillary/debug_ctrl.v:55]
WARNING: [Synth 8-3848] Net AN in module/entity top does not have driver. [C:/Users/26822/Desktop/ZJU_Course_Resource/CA/Lab/lab1/lab1.srcs/sources_1/imports/lab1/auxillary/top.v:23]
WARNING: [Synth 8-3848] Net VGA_B in module/entity top does not have driver. [C:/Users/26822/Desktop/ZJU_Course_Resource/CA/Lab/lab1/lab1.srcs/sources_1/imports/lab1/auxillary/top.v:26]
WARNING: [Synth 8-3848] Net VGA_G in module/entity top does not have driver. [C:/Users/26822/Desktop/ZJU_Course_Resource/CA/Lab/lab1/lab1.srcs/sources_1/imports/lab1/auxillary/top.v:27]
WARNING: [Synth 8-3848] Net VGA_R in module/entity top does not have driver. [C:/Users/26822/Desktop/ZJU_Course_Resource/CA/Lab/lab1/lab1.srcs/sources_1/imports/lab1/auxillary/top.v:28]
WARNING: [Synth 8-3848] Net HS in module/entity top does not have driver. [C:/Users/26822/Desktop/ZJU_Course_Resource/CA/Lab/lab1/lab1.srcs/sources_1/imports/lab1/auxillary/top.v:29]
WARNING: [Synth 8-3848] Net VS in module/entity top does not have driver. [C:/Users/26822/Desktop/ZJU_Course_Resource/CA/Lab/lab1/lab1.srcs/sources_1/imports/lab1/auxillary/top.v:29]
WARNING: [Synth 8-3917] design top has port DP driven by constant 1
WARNING: [Synth 8-7129] Port flush in module REG_EX_MEM is either unconnected or has no load
WARNING: [Synth 8-7129] Port reg_EM_flush in module HazardDetectionUnit is either unconnected or has no load
WARNING: [Synth 8-7129] Port inst_field[6] in module ImmGen is either unconnected or has no load
WARNING: [Synth 8-7129] Port inst_field[5] in module ImmGen is either unconnected or has no load
WARNING: [Synth 8-7129] Port inst_field[4] in module ImmGen is either unconnected or has no load
WARNING: [Synth 8-7129] Port inst_field[3] in module ImmGen is either unconnected or has no load
WARNING: [Synth 8-7129] Port inst_field[2] in module ImmGen is either unconnected or has no load
WARNING: [Synth 8-7129] Port inst_field[1] in module ImmGen is either unconnected or has no load
WARNING: [Synth 8-7129] Port inst_field[0] in module ImmGen is either unconnected or has no load
WARNING: [Synth 8-7129] Port inst[24] in module CtrlUnit is either unconnected or has no load
WARNING: [Synth 8-7129] Port inst[23] in module CtrlUnit is either unconnected or has no load
WARNING: [Synth 8-7129] Port inst[22] in module CtrlUnit is either unconnected or has no load
WARNING: [Synth 8-7129] Port inst[21] in module CtrlUnit is either unconnected or has no load
WARNING: [Synth 8-7129] Port inst[20] in module CtrlUnit is either unconnected or has no load
WARNING: [Synth 8-7129] Port inst[19] in module CtrlUnit is either unconnected or has no load
WARNING: [Synth 8-7129] Port inst[18] in module CtrlUnit is either unconnected or has no load
WARNING: [Synth 8-7129] Port inst[17] in module CtrlUnit is either unconnected or has no load
WARNING: [Synth 8-7129] Port inst[16] in module CtrlUnit is either unconnected or has no load
WARNING: [Synth 8-7129] Port inst[15] in module CtrlUnit is either unconnected or has no load
WARNING: [Synth 8-7129] Port inst[11] in module CtrlUnit is either unconnected or has no load
WARNING: [Synth 8-7129] Port inst[10] in module CtrlUnit is either unconnected or has no load
WARNING: [Synth 8-7129] Port inst[9] in module CtrlUnit is either unconnected or has no load
WARNING: [Synth 8-7129] Port inst[8] in module CtrlUnit is either unconnected or has no load
WARNING: [Synth 8-7129] Port inst[7] in module CtrlUnit is either unconnected or has no load
WARNING: [Synth 8-7129] Port debug_addr[6] in module RV32core is either unconnected or has no load
WARNING: [Synth 8-7129] Port interrupter in module RV32core is either unconnected or has no load
WARNING: [Synth 8-7129] Port CA in module top is either unconnected or has no load
WARNING: [Synth 8-7129] Port CB in module top is either unconnected or has no load
WARNING: [Synth 8-7129] Port CC in module top is either unconnected or has no load
WARNING: [Synth 8-7129] Port CD in module top is either unconnected or has no load
WARNING: [Synth 8-7129] Port CE in module top is either unconnected or has no load
WARNING: [Synth 8-7129] Port CF in module top is either unconnected or has no load
WARNING: [Synth 8-7129] Port CG in module top is either unconnected or has no load
WARNING: [Synth 8-7129] Port AN[7] in module top is either unconnected or has no load
WARNING: [Synth 8-7129] Port AN[6] in module top is either unconnected or has no load
WARNING: [Synth 8-7129] Port AN[5] in module top is either unconnected or has no load
WARNING: [Synth 8-7129] Port AN[4] in module top is either unconnected or has no load
WARNING: [Synth 8-7129] Port AN[3] in module top is either unconnected or has no load
WARNING: [Synth 8-7129] Port AN[2] in module top is either unconnected or has no load
WARNING: [Synth 8-7129] Port AN[1] in module top is either unconnected or has no load
WARNING: [Synth 8-7129] Port AN[0] in module top is either unconnected or has no load
WARNING: [Synth 8-7129] Port VGA_B[3] in module top is either unconnected or has no load
WARNING: [Synth 8-7129] Port VGA_B[2] in module top is either unconnected or has no load
WARNING: [Synth 8-7129] Port VGA_B[1] in module top is either unconnected or has no load
WARNING: [Synth 8-7129] Port VGA_B[0] in module top is either unconnected or has no load
WARNING: [Synth 8-7129] Port VGA_G[3] in module top is either unconnected or has no load
WARNING: [Synth 8-7129] Port VGA_G[2] in module top is either unconnected or has no load
WARNING: [Synth 8-7129] Port VGA_G[1] in module top is either unconnected or has no load
WARNING: [Synth 8-7129] Port VGA_G[0] in module top is either unconnected or has no load
WARNING: [Synth 8-7129] Port VGA_R[3] in module top is either unconnected or has no load
WARNING: [Synth 8-7129] Port VGA_R[2] in module top is either unconnected or has no load
WARNING: [Synth 8-7129] Port VGA_R[1] in module top is either unconnected or has no load
WARNING: [Synth 8-7129] Port VGA_R[0] in module top is either unconnected or has no load
WARNING: [Synth 8-7129] Port HS in module top is either unconnected or has no load
WARNING: [Synth 8-7129] Port VS in module top is either unconnected or has no load
WARNING: [Synth 8-7129] Port SW[15] in module top is either unconnected or has no load
WARNING: [Synth 8-7129] Port SW[14] in module top is either unconnected or has no load
---------------------------------------------------------------------------------
Finished RTL Elaboration : Time (s): cpu = 00:00:02 ; elapsed = 00:00:07 . Memory (MB): peak = 1469.391 ; gain = 582.699
---------------------------------------------------------------------------------
---------------------------------------------------------------------------------
Start Handling Custom Attributes
---------------------------------------------------------------------------------
---------------------------------------------------------------------------------
Finished Handling Custom Attributes : Time (s): cpu = 00:00:02 ; elapsed = 00:00:07 . Memory (MB): peak = 1469.391 ; gain = 582.699
---------------------------------------------------------------------------------
---------------------------------------------------------------------------------
Finished RTL Optimization Phase 1 : Time (s): cpu = 00:00:02 ; elapsed = 00:00:07 . Memory (MB): peak = 1469.391 ; gain = 582.699
---------------------------------------------------------------------------------
Netlist sorting complete. Time (s): cpu = 00:00:00 ; elapsed = 00:00:00.101 . Memory (MB): peak = 1469.391 ; gain = 0.000
INFO: [Netlist 29-17] Analyzing 1 Unisim elements for replacement
INFO: [Netlist 29-28] Unisim Transformation completed in 0 CPU seconds
INFO: [Project 1-570] Preparing netlist for logic optimization

Processing XDC Constraints
Initializing timing engine
Parsing XDC File [C:/Users/26822/Desktop/ZJU_Course_Resource/CA/Lab/lab1/lab1.srcs/constrs_1/imports/lab1/constraint.xdc]
Finished Parsing XDC File [C:/Users/26822/Desktop/ZJU_Course_Resource/CA/Lab/lab1/lab1.srcs/constrs_1/imports/lab1/constraint.xdc]
INFO: [Project 1-236] Implementation specific constraints were found while reading constraint file [C:/Users/26822/Desktop/ZJU_Course_Resource/CA/Lab/lab1/lab1.srcs/constrs_1/imports/lab1/constraint.xdc]. These constraints will be ignored for synthesis but will be used in implementation. Impacted constraints are listed in the file [.Xil/top_propImpl.xdc].
Resolution: To avoid this warning, move constraints listed in [.Xil/top_propImpl.xdc] to another XDC file and exclude this new file from synthesis with the used_in_synthesis property (File Properties dialog in GUI) and re-run elaboration/synthesis.
INFO: [Timing 38-2] Deriving generated clocks
Completed Processing XDC Constraints

Netlist sorting complete. Time (s): cpu = 00:00:00 ; elapsed = 00:00:00.001 . Memory (MB): peak = 1572.348 ; gain = 0.000
INFO: [Project 1-111] Unisim Transformation Summary:
No Unisim elements were transformed.

系统找不到指定的路径。
Constraint Validation Runtime : Time (s): cpu = 00:00:00 ; elapsed = 00:00:00.015 . Memory (MB): peak = 1572.348 ; gain = 0.000
INFO: [Designutils 20-5440] No compile time benefit to using incremental synthesis; A full resynthesis will be run
INFO: [Designutils 20-4379] Flow is switching to default flow due to incremental criteria not met. If you would like to alter this behaviour and have the flow terminate instead, please set the following parameter config_implementation {autoIncr.Synth.RejectBehavior Terminate}
---------------------------------------------------------------------------------
Finished Constraint Validation : Time (s): cpu = 00:00:04 ; elapsed = 00:00:15 . Memory (MB): peak = 1572.348 ; gain = 685.656
---------------------------------------------------------------------------------
---------------------------------------------------------------------------------
Start Loading Part and Timing Information
---------------------------------------------------------------------------------
Loading part: xc7a100tcsg324-1
---------------------------------------------------------------------------------
Finished Loading Part and Timing Information : Time (s): cpu = 00:00:04 ; elapsed = 00:00:16 . Memory (MB): peak = 1572.348 ; gain = 685.656
---------------------------------------------------------------------------------
---------------------------------------------------------------------------------
Start Applying 'set_property' XDC Constraints
---------------------------------------------------------------------------------
---------------------------------------------------------------------------------
Finished applying 'set_property' XDC Constraints : Time (s): cpu = 00:00:04 ; elapsed = 00:00:16 . Memory (MB): peak = 1572.348 ; gain = 685.656
---------------------------------------------------------------------------------
INFO: [Synth 8-802] inferred FSM for state register 'txState_reg' in module 'UART_TX_CTRL'
INFO: [Synth 8-802] inferred FSM for state register 'state_reg' in module 'debug_ctrl'
---------------------------------------------------------------------------------------------------
                   State |                     New Encoding |                Previous Encoding 
---------------------------------------------------------------------------------------------------
                     rdy |                               00 |                               00
                load_bit |                               01 |                               01
                send_bit |                               10 |                               10
---------------------------------------------------------------------------------------------------
INFO: [Synth 8-3354] encoded FSM with state register 'txState_reg' using encoding 'sequential' in module 'UART_TX_CTRL'
---------------------------------------------------------------------------------------------------
                   State |                     New Encoding |                Previous Encoding 
---------------------------------------------------------------------------------------------------
                  iSTATE |                              001 |                               00
                    sREG |                              010 |                               01
                   sCUST |                              100 |                               10
---------------------------------------------------------------------------------------------------
INFO: [Synth 8-3354] encoded FSM with state register 'state_reg' using encoding 'one-hot' in module 'debug_ctrl'
---------------------------------------------------------------------------------
Finished RTL Optimization Phase 2 : Time (s): cpu = 00:00:05 ; elapsed = 00:00:20 . Memory (MB): peak = 1572.348 ; gain = 685.656
---------------------------------------------------------------------------------
---------------------------------------------------------------------------------
Start RTL Component Statistics 
---------------------------------------------------------------------------------
Detailed RTL Component Info : 
+---Adders : 
	   3 Input   33 Bit       Adders := 1     
	   2 Input   32 Bit       Adders := 5     
	   3 Input   32 Bit       Adders := 1     
	   2 Input    9 Bit       Adders := 2     
	   2 Input    7 Bit       Adders := 9     
	   2 Input    6 Bit       Adders := 3     
	   2 Input    5 Bit       Adders := 3     
+---XORs : 
	   2 Input     32 Bit         XORs := 1     
	   2 Input      5 Bit         XORs := 31    
	   2 Input      1 Bit         XORs := 2     
+---Registers : 
	               32 Bit    Registers := 48    
	               16 Bit    Registers := 1     
	               10 Bit    Registers := 1     
	                9 Bit    Registers := 1     
	                8 Bit    Registers := 129   
	                5 Bit    Registers := 8     
	                4 Bit    Registers := 1     
	                3 Bit    Registers := 2     
	                2 Bit    Registers := 3     
	                1 Bit    Registers := 19    
+---RAMs : 
	               2K Bit	(256 X 8 bit)          RAMs := 1     
+---Muxes : 
	   2 Input 1024 Bit        Muxes := 2     
	   3 Input  160 Bit        Muxes := 1     
	   2 Input   32 Bit        Muxes := 105   
	  76 Input   32 Bit        Muxes := 1     
	   3 Input   32 Bit        Muxes := 1     
	   2 Input   24 Bit        Muxes := 1     
	   2 Input   16 Bit        Muxes := 4     
	   2 Input    9 Bit        Muxes := 3     
	   2 Input    8 Bit        Muxes := 204   
	   3 Input    8 Bit        Muxes := 52    
	   2 Input    7 Bit        Muxes := 9     
	   2 Input    5 Bit        Muxes := 5     
	   3 Input    5 Bit        Muxes := 3     
	   7 Input    3 Bit        Muxes := 1     
	   6 Input    3 Bit        Muxes := 1     
	   2 Input    2 Bit        Muxes := 5     
	   3 Input    2 Bit        Muxes := 5     
	   2 Input    1 Bit        Muxes := 11    
	   3 Input    1 Bit        Muxes := 5     
---------------------------------------------------------------------------------
Finished RTL Component Statistics 
---------------------------------------------------------------------------------
---------------------------------------------------------------------------------
Start Part Resource Summary
---------------------------------------------------------------------------------
Part Resources:
DSPs: 240 (col length:80)
BRAMs: 270 (col length: RAMB18 80 RAMB36 40)
---------------------------------------------------------------------------------
Finished Part Resource Summary
---------------------------------------------------------------------------------
---------------------------------------------------------------------------------
Start Cross Boundary and Area Optimization
---------------------------------------------------------------------------------
WARNING: [Synth 8-7080] Parallel synthesis criteria is not met
WARNING: [Synth 8-3917] design top has port DP driven by constant 1
WARNING: [Synth 8-7129] Port reg_EM_flush in module HazardDetectionUnit is either unconnected or has no load
WARNING: [Synth 8-7129] Port inst_field[6] in module ImmGen is either unconnected or has no load
WARNING: [Synth 8-7129] Port inst_field[5] in module ImmGen is either unconnected or has no load
WARNING: [Synth 8-7129] Port inst_field[4] in module ImmGen is either unconnected or has no load
WARNING: [Synth 8-7129] Port inst_field[3] in module ImmGen is either unconnected or has no load
WARNING: [Synth 8-7129] Port inst_field[2] in module ImmGen is either unconnected or has no load
WARNING: [Synth 8-7129] Port inst_field[1] in module ImmGen is either unconnected or has no load
WARNING: [Synth 8-7129] Port inst_field[0] in module ImmGen is either unconnected or has no load
WARNING: [Synth 8-7129] Port inst[24] in module CtrlUnit is either unconnected or has no load
WARNING: [Synth 8-7129] Port inst[23] in module CtrlUnit is either unconnected or has no load
WARNING: [Synth 8-7129] Port inst[22] in module CtrlUnit is either unconnected or has no load
WARNING: [Synth 8-7129] Port inst[21] in module CtrlUnit is either unconnected or has no load
WARNING: [Synth 8-7129] Port inst[20] in module CtrlUnit is either unconnected or has no load
WARNING: [Synth 8-7129] Port inst[19] in module CtrlUnit is either unconnected or has no load
WARNING: [Synth 8-7129] Port inst[18] in module CtrlUnit is either unconnected or has no load
WARNING: [Synth 8-7129] Port inst[17] in module CtrlUnit is either unconnected or has no load
WARNING: [Synth 8-7129] Port inst[16] in module CtrlUnit is either unconnected or has no load
WARNING: [Synth 8-7129] Port inst[15] in module CtrlUnit is either unconnected or has no load
WARNING: [Synth 8-7129] Port inst[11] in module CtrlUnit is either unconnected or has no load
WARNING: [Synth 8-7129] Port inst[10] in module CtrlUnit is either unconnected or has no load
WARNING: [Synth 8-7129] Port inst[9] in module CtrlUnit is either unconnected or has no load
WARNING: [Synth 8-7129] Port inst[8] in module CtrlUnit is either unconnected or has no load
WARNING: [Synth 8-7129] Port inst[7] in module CtrlUnit is either unconnected or has no load
WARNING: [Synth 8-7129] Port debug_addr[6] in module RV32core is either unconnected or has no load
WARNING: [Synth 8-7129] Port interrupter in module RV32core is either unconnected or has no load
WARNING: [Synth 8-7129] Port CA in module top is either unconnected or has no load
WARNING: [Synth 8-7129] Port CB in module top is either unconnected or has no load
WARNING: [Synth 8-7129] Port CC in module top is either unconnected or has no load
WARNING: [Synth 8-7129] Port CD in module top is either unconnected or has no load
WARNING: [Synth 8-7129] Port CE in module top is either unconnected or has no load
WARNING: [Synth 8-7129] Port CF in module top is either unconnected or has no load
WARNING: [Synth 8-7129] Port CG in module top is either unconnected or has no load
WARNING: [Synth 8-7129] Port AN[7] in module top is either unconnected or has no load
WARNING: [Synth 8-7129] Port AN[6] in module top is either unconnected or has no load
WARNING: [Synth 8-7129] Port AN[5] in module top is either unconnected or has no load
WARNING: [Synth 8-7129] Port AN[4] in module top is either unconnected or has no load
WARNING: [Synth 8-7129] Port AN[3] in module top is either unconnected or has no load
WARNING: [Synth 8-7129] Port AN[2] in module top is either unconnected or has no load
WARNING: [Synth 8-7129] Port AN[1] in module top is either unconnected or has no load
WARNING: [Synth 8-7129] Port AN[0] in module top is either unconnected or has no load
WARNING: [Synth 8-7129] Port VGA_B[3] in module top is either unconnected or has no load
WARNING: [Synth 8-7129] Port VGA_B[2] in module top is either unconnected or has no load
WARNING: [Synth 8-7129] Port VGA_B[1] in module top is either unconnected or has no load
INFO: [Common 17-14] Message 'Synth 8-7129' appears 100 times and further instances of the messages will be disabled. Use the Tcl command set_msg_config to change the current settings.
---------------------------------------------------------------------------------
Finished Cross Boundary and Area Optimization : Time (s): cpu = 00:00:14 ; elapsed = 00:00:50 . Memory (MB): peak = 1701.340 ; gain = 814.648
---------------------------------------------------------------------------------
---------------------------------------------------------------------------------
Start ROM, RAM, DSP, Shift Register and Retiming Reporting
---------------------------------------------------------------------------------

Block RAM: Preliminary Mapping Report (see note below)
+------------+----------------------+------------------------+---+---+------------------------+---+---+------------------+--------+--------+
|Module Name | RTL Object           | PORT A (Depth x Width) | W | R | PORT B (Depth x Width) | W | R | Ports driving FF | RAMB18 | RAMB36 | 
+------------+----------------------+------------------------+---+---+------------------------+---+---+------------------+--------+--------+
|top         | UART_BUFF/buffer_reg | 256 x 8(READ_FIRST)    | W |   | 256 x 8(WRITE_FIRST)   |   | R | Port A and B     | 1      | 0      | 
+------------+----------------------+------------------------+---+---+------------------------+---+---+------------------+--------+--------+

Note: The table above is a preliminary report that shows the Block RAMs at the current stage of the synthesis flow. Some Block RAMs may be reimplemented as non Block RAM primitives later in the synthesis flow. Multiple instantiated Block RAMs are reported only once. 
---------------------------------------------------------------------------------
Finished ROM, RAM, DSP, Shift Register and Retiming Reporting
---------------------------------------------------------------------------------
---------------------------------------------------------------------------------
Start Applying XDC Timing Constraints
---------------------------------------------------------------------------------
---------------------------------------------------------------------------------
Finished Applying XDC Timing Constraints : Time (s): cpu = 00:00:15 ; elapsed = 00:00:55 . Memory (MB): peak = 1701.340 ; gain = 814.648
---------------------------------------------------------------------------------
---------------------------------------------------------------------------------
Start Timing Optimization
---------------------------------------------------------------------------------
---------------------------------------------------------------------------------
Finished Timing Optimization : Time (s): cpu = 00:00:17 ; elapsed = 00:01:02 . Memory (MB): peak = 1701.340 ; gain = 814.648
---------------------------------------------------------------------------------
---------------------------------------------------------------------------------
Start ROM, RAM, DSP, Shift Register and Retiming Reporting
---------------------------------------------------------------------------------

Block RAM: Final Mapping Report
+------------+----------------------+------------------------+---+---+------------------------+---+---+------------------+--------+--------+
|Module Name | RTL Object           | PORT A (Depth x Width) | W | R | PORT B (Depth x Width) | W | R | Ports driving FF | RAMB18 | RAMB36 | 
+------------+----------------------+------------------------+---+---+------------------------+---+---+------------------+--------+--------+
|top         | UART_BUFF/buffer_reg | 256 x 8(READ_FIRST)    | W |   | 256 x 8(WRITE_FIRST)   |   | R | Port A and B     | 1      | 0      | 
+------------+----------------------+------------------------+---+---+------------------------+---+---+------------------+--------+--------+

---------------------------------------------------------------------------------
Finished ROM, RAM, DSP, Shift Register and Retiming Reporting
---------------------------------------------------------------------------------
---------------------------------------------------------------------------------
Start Technology Mapping
---------------------------------------------------------------------------------
INFO: [Synth 8-7052] The timing for the instance UART_BUFF/buffer_reg (implemented as a Block RAM) might be sub-optimal as no optional output register could be merged into the ram block. Providing additional output register may help in improving timing.
---------------------------------------------------------------------------------
Finished Technology Mapping : Time (s): cpu = 00:00:19 ; elapsed = 00:01:07 . Memory (MB): peak = 1807.488 ; gain = 920.797
---------------------------------------------------------------------------------
---------------------------------------------------------------------------------
Start IO Insertion
---------------------------------------------------------------------------------
---------------------------------------------------------------------------------
Start Flattening Before IO Insertion
---------------------------------------------------------------------------------
---------------------------------------------------------------------------------
Finished Flattening Before IO Insertion
---------------------------------------------------------------------------------
---------------------------------------------------------------------------------
Start Final Netlist Cleanup
---------------------------------------------------------------------------------
---------------------------------------------------------------------------------
Finished Final Netlist Cleanup
---------------------------------------------------------------------------------
---------------------------------------------------------------------------------
Finished IO Insertion : Time (s): cpu = 00:00:21 ; elapsed = 00:01:12 . Memory (MB): peak = 1807.488 ; gain = 920.797
---------------------------------------------------------------------------------
---------------------------------------------------------------------------------
Start Renaming Generated Instances
---------------------------------------------------------------------------------
---------------------------------------------------------------------------------
Finished Renaming Generated Instances : Time (s): cpu = 00:00:21 ; elapsed = 00:01:12 . Memory (MB): peak = 1807.488 ; gain = 920.797
---------------------------------------------------------------------------------
---------------------------------------------------------------------------------
Start Rebuilding User Hierarchy
---------------------------------------------------------------------------------
---------------------------------------------------------------------------------
Finished Rebuilding User Hierarchy : Time (s): cpu = 00:00:21 ; elapsed = 00:01:13 . Memory (MB): peak = 1807.488 ; gain = 920.797
---------------------------------------------------------------------------------
---------------------------------------------------------------------------------
Start Renaming Generated Ports
---------------------------------------------------------------------------------
---------------------------------------------------------------------------------
Finished Renaming Generated Ports : Time (s): cpu = 00:00:21 ; elapsed = 00:01:13 . Memory (MB): peak = 1807.488 ; gain = 920.797
---------------------------------------------------------------------------------
---------------------------------------------------------------------------------
Start Handling Custom Attributes
---------------------------------------------------------------------------------
---------------------------------------------------------------------------------
Finished Handling Custom Attributes : Time (s): cpu = 00:00:21 ; elapsed = 00:01:13 . Memory (MB): peak = 1807.488 ; gain = 920.797
---------------------------------------------------------------------------------
---------------------------------------------------------------------------------
Start Renaming Generated Nets
---------------------------------------------------------------------------------
---------------------------------------------------------------------------------
Finished Renaming Generated Nets : Time (s): cpu = 00:00:21 ; elapsed = 00:01:13 . Memory (MB): peak = 1807.488 ; gain = 920.797
---------------------------------------------------------------------------------
---------------------------------------------------------------------------------
Start Writing Synthesis Report
---------------------------------------------------------------------------------

Report BlackBoxes: 
+-+--------------+----------+
| |BlackBox name |Instances |
+-+--------------+----------+
+-+--------------+----------+

Report Cell Usage: 
+------+-----------+------+
|      |Cell       |Count |
+------+-----------+------+
|1     |BUFG       |     7|
|2     |CARRY4     |    66|
|3     |LUT1       |    15|
|4     |LUT2       |   152|
|5     |LUT3       |   457|
|6     |LUT4       |   288|
|7     |LUT5       |   593|
|8     |LUT6       |  5419|
|9     |MMCME2_ADV |     1|
|10    |MUXF7      |  1062|
|11    |MUXF8      |   361|
|12    |RAMB18E1   |     1|
|13    |FDCE       |  1271|
|14    |FDRE       |  1409|
|15    |FDSE       |    18|
|16    |IBUF       |    18|
|17    |OBUF       |    18|
|18    |OBUFT      |    29|
+------+-----------+------+
---------------------------------------------------------------------------------
Finished Writing Synthesis Report : Time (s): cpu = 00:00:21 ; elapsed = 00:01:13 . Memory (MB): peak = 1807.488 ; gain = 920.797
---------------------------------------------------------------------------------
Synthesis finished with 0 errors, 0 critical warnings and 58 warnings.
Synthesis Optimization Runtime : Time (s): cpu = 00:00:19 ; elapsed = 00:01:11 . Memory (MB): peak = 1807.488 ; gain = 817.840
Synthesis Optimization Complete : Time (s): cpu = 00:00:21 ; elapsed = 00:01:13 . Memory (MB): peak = 1807.488 ; gain = 920.797
INFO: [Project 1-571] Translating synthesized netlist
Netlist sorting complete. Time (s): cpu = 00:00:00 ; elapsed = 00:00:00.131 . Memory (MB): peak = 1807.488 ; gain = 0.000
INFO: [Netlist 29-17] Analyzing 1491 Unisim elements for replacement
INFO: [Netlist 29-28] Unisim Transformation completed in 0 CPU seconds
INFO: [Project 1-570] Preparing netlist for logic optimization
INFO: [Opt 31-138] Pushed 0 inverter(s) to 0 load pin(s).
Netlist sorting complete. Time (s): cpu = 00:00:00 ; elapsed = 00:00:00.001 . Memory (MB): peak = 1807.488 ; gain = 0.000
INFO: [Project 1-111] Unisim Transformation Summary:
No Unisim elements were transformed.

系统找不到指定的路径。
Synth Design complete | Checksum: 1b1aeacf
INFO: [Common 17-83] Releasing license: Synthesis
91 Infos, 187 Warnings, 0 Critical Warnings and 0 Errors encountered.
synth_design completed successfully
synth_design: Time (s): cpu = 00:00:23 ; elapsed = 00:01:20 . Memory (MB): peak = 1807.488 ; gain = 1332.535
Write ShapeDB Complete: Time (s): cpu = 00:00:00 ; elapsed = 00:00:00.012 . Memory (MB): peak = 1807.488 ; gain = 0.000
INFO: [Common 17-1381] The checkpoint 'C:/Users/26822/Desktop/ZJU_Course_Resource/CA/Lab/lab1/lab1.runs/synth_1/top.dcp' has been generated.
INFO: [runtcl-4] Executing : report_utilization -file top_utilization_synth.rpt -pb top_utilization_synth.pb
INFO: [Common 17-206] Exiting Vivado at Mon Sep 16 15:17:13 2024...
